2015-05-10 17:52:47 Workerman[start.php] start
2015-05-10 17:53:01 Workerman[start.php] stop
2015-05-10 17:53:01 Workerman[start.php] is stoping ...
2015-05-10 17:53:01 Workerman[start.php] Stopping ...
2015-05-10 17:53:01 Workerman[start.php] has been stopped
2015-05-10 17:53:01 Workerman[start.php] stop success
2015-05-10 17:53:03 Workerman[start.php] start
2015-05-10 18:00:22 Workerman[start.php] start
2015-05-10 18:00:22 Workerman[start.php] is running
2015-05-10 18:00:28 Workerman[start.php] stop
2015-05-10 18:00:28 Workerman[start.php] is stoping ...
2015-05-10 18:00:28 Workerman[start.php] Stopping ...
2015-05-10 18:00:28 Workerman[start.php] has been stopped
2015-05-10 18:00:28 Workerman[start.php] stop success
2015-05-10 18:00:31 Workerman[start.php] start
2015-05-10 18:36:46 Workerman[start.php] stop
2015-05-10 18:36:46 Workerman[start.php] is stoping ...
2015-05-10 18:36:46 Workerman[start.php] Stopping ...
2015-05-10 18:36:46 Workerman[start.php] has been stopped
2015-05-10 18:36:46 Workerman[start.php] stop success
2015-05-10 18:36:55 Workerman[start.php] start
2015-05-12 09:16:23 Workerman[start.php] stop
2015-05-12 09:16:23 Workerman[start.php] is stoping ...
2015-05-12 09:16:23 Workerman[start.php] Stopping ...
2015-05-12 09:16:23 Workerman[start.php] has been stopped
2015-05-12 09:16:23 Workerman[start.php] stop success
2015-05-12 09:16:27 Workerman[start.php] start
2015-05-14 12:44:11 Workerman[start.php] start
2015-05-14 12:44:15 Workerman[start.php] Stopping ...
2015-05-14 12:44:15 Workerman[start.php] has been stopped
2015-05-14 12:44:18 Workerman[start.php] start
2015-05-14 13:42:47 Workerman[start.php] start
2015-05-14 13:42:47 Workerman[start.php] is running
2015-05-18 13:42:29 Workerman[start.php] stop
2015-05-18 13:42:29 Workerman[start.php] is stoping ...
2015-05-18 13:42:29 Workerman[start.php] Stopping ...
2015-05-18 13:42:29 Workerman[start.php] has been stopped
2015-05-18 13:42:29 Workerman[start.php] stop success
2015-05-18 13:43:58 Workerman[start.php] start
2015-05-22 15:33:00 Workerman[start.php] status
2015-05-22 15:33:05 Workerman[start.php] status
2015-05-22 15:33:10 Workerman[start.php] status
2015-05-22 15:33:14 Workerman[start.php] status
